This is pdfTeX, Version 3.141592653-2.6-1.40.22 (MiKTeX 21.2) (preloaded format=pdflatex 2021.4.19)  21 SEP 2021 15:46
entering extended mode
**"./d-order sums.tex"
(d-order sums.tex
LaTeX2e <2020-10-01> patch level 4
L3 programming layer <2021-02-18> xparse <2020-03-03>
(C:\Users\Admin\AppData\Local\Programs\MiKTeX\tex/latex/base\article.cls
Document Class: article 2020/04/10 v1.4m Standard LaTeX document class
(C:\Users\Admin\AppData\Local\Programs\MiKTeX\tex/latex/base\size10.clo
File: size10.clo 2020/04/10 v1.4m Standard LaTeX file (size option)
)
\c@part=\count179
\c@section=\count180
\c@subsection=\count181
\c@subsubsection=\count182
\c@paragraph=\count183
\c@subparagraph=\count184
\c@figure=\count185
\c@table=\count186
\abovecaptionskip=\skip47
\belowcaptionskip=\skip48
\bibindent=\dimen138
)
(C:\Users\Admin\AppData\Local\Programs\MiKTeX\tex/latex/t2\mathtext.sty
Package: mathtext 2018/04/13 v1.1 transparent text-and-math defs
LaTeX Info: Redefining \halign on input line 119.
)
(C:\Users\Admin\AppData\Local\Programs\MiKTeX\tex/latex/base\fontenc.sty
Package: fontenc 2020/08/10 v2.0s Standard LaTeX package

(C:\Users\Admin\AppData\Local\Programs\MiKTeX\tex/latex/cyrillic\t2aenc.def
File: t2aenc.def 2005/09/27 v1.0i Cyrillic encoding definition file
Now handling font encoding T2A ...
... processing UTF-8 mapping file for font encoding T2A

(C:\Users\Admin\AppData\Local\Programs\MiKTeX\tex/latex/base\t2aenc.dfu
File: t2aenc.dfu 2019/11/14 v1.2k UTF-8 support for inputenc
   defining Unicode char U+00A4 (decimal 164)
   defining Unicode char U+00A7 (decimal 167)
   defining Unicode char U+00AB (decimal 171)
   defining Unicode char U+00BB (decimal 187)
   defining Unicode char U+0131 (decimal 305)
   defining Unicode char U+0237 (decimal 567)
   defining Unicode char U+0400 (decimal 1024)
   defining Unicode char U+0401 (decimal 1025)
   defining Unicode char U+0402 (decimal 1026)
   defining Unicode char U+0403 (decimal 1027)
   defining Unicode char U+0404 (decimal 1028)
   defining Unicode char U+0405 (decimal 1029)
   defining Unicode char U+0406 (decimal 1030)
   defining Unicode char U+0407 (decimal 1031)
   defining Unicode char U+0408 (decimal 1032)
   defining Unicode char U+0409 (decimal 1033)
   defining Unicode char U+040A (decimal 1034)
   defining Unicode char U+040B (decimal 1035)
   defining Unicode char U+040C (decimal 1036)
   defining Unicode char U+040D (decimal 1037)
   defining Unicode char U+040E (decimal 1038)
   defining Unicode char U+040F (decimal 1039)
   defining Unicode char U+0410 (decimal 1040)
   defining Unicode char U+0411 (decimal 1041)
   defining Unicode char U+0412 (decimal 1042)
   defining Unicode char U+0413 (decimal 1043)
   defining Unicode char U+0414 (decimal 1044)
   defining Unicode char U+0415 (decimal 1045)
   defining Unicode char U+0416 (decimal 1046)
   defining Unicode char U+0417 (decimal 1047)
   defining Unicode char U+0418 (decimal 1048)
   defining Unicode char U+0419 (decimal 1049)
   defining Unicode char U+041A (decimal 1050)
   defining Unicode char U+041B (decimal 1051)
   defining Unicode char U+041C (decimal 1052)
   defining Unicode char U+041D (decimal 1053)
   defining Unicode char U+041E (decimal 1054)
   defining Unicode char U+041F (decimal 1055)
   defining Unicode char U+0420 (decimal 1056)
   defining Unicode char U+0421 (decimal 1057)
   defining Unicode char U+0422 (decimal 1058)
   defining Unicode char U+0423 (decimal 1059)
   defining Unicode char U+0424 (decimal 1060)
   defining Unicode char U+0425 (decimal 1061)
   defining Unicode char U+0426 (decimal 1062)
   defining Unicode char U+0427 (decimal 1063)
   defining Unicode char U+0428 (decimal 1064)
   defining Unicode char U+0429 (decimal 1065)
   defining Unicode char U+042A (decimal 1066)
   defining Unicode char U+042B (decimal 1067)
   defining Unicode char U+042C (decimal 1068)
   defining Unicode char U+042D (decimal 1069)
   defining Unicode char U+042E (decimal 1070)
   defining Unicode char U+042F (decimal 1071)
   defining Unicode char U+0430 (decimal 1072)
   defining Unicode char U+0431 (decimal 1073)
   defining Unicode char U+0432 (decimal 1074)
   defining Unicode char U+0433 (decimal 1075)
   defining Unicode char U+0434 (decimal 1076)
   defining Unicode char U+0435 (decimal 1077)
   defining Unicode char U+0436 (decimal 1078)
   defining Unicode char U+0437 (decimal 1079)
   defining Unicode char U+0438 (decimal 1080)
   defining Unicode char U+0439 (decimal 1081)
   defining Unicode char U+043A (decimal 1082)
   defining Unicode char U+043B (decimal 1083)
   defining Unicode char U+043C (decimal 1084)
   defining Unicode char U+043D (decimal 1085)
   defining Unicode char U+043E (decimal 1086)
   defining Unicode char U+043F (decimal 1087)
   defining Unicode char U+0440 (decimal 1088)
   defining Unicode char U+0441 (decimal 1089)
   defining Unicode char U+0442 (decimal 1090)
   defining Unicode char U+0443 (decimal 1091)
   defining Unicode char U+0444 (decimal 1092)
   defining Unicode char U+0445 (decimal 1093)
   defining Unicode char U+0446 (decimal 1094)
   defining Unicode char U+0447 (decimal 1095)
   defining Unicode char U+0448 (decimal 1096)
   defining Unicode char U+0449 (decimal 1097)
   defining Unicode char U+044A (decimal 1098)
   defining Unicode char U+044B (decimal 1099)
   defining Unicode char U+044C (decimal 1100)
   defining Unicode char U+044D (decimal 1101)
   defining Unicode char U+044E (decimal 1102)
   defining Unicode char U+044F (decimal 1103)
   defining Unicode char U+0450 (decimal 1104)
   defining Unicode char U+0451 (decimal 1105)
   defining Unicode char U+0452 (decimal 1106)
   defining Unicode char U+0453 (decimal 1107)
   defining Unicode char U+0454 (decimal 1108)
   defining Unicode char U+0455 (decimal 1109)
   defining Unicode char U+0456 (decimal 1110)
   defining Unicode char U+0457 (decimal 1111)
   defining Unicode char U+0458 (decimal 1112)
   defining Unicode char U+0459 (decimal 1113)
   defining Unicode char U+045A (decimal 1114)
   defining Unicode char U+045B (decimal 1115)
   defining Unicode char U+045C (decimal 1116)
   defining Unicode char U+045D (decimal 1117)
   defining Unicode char U+045E (decimal 1118)
   defining Unicode char U+045F (decimal 1119)
   defining Unicode char U+0490 (decimal 1168)
   defining Unicode char U+0491 (decimal 1169)
   defining Unicode char U+0492 (decimal 1170)
   defining Unicode char U+0493 (decimal 1171)
   defining Unicode char U+0496 (decimal 1174)
   defining Unicode char U+0497 (decimal 1175)
   defining Unicode char U+0498 (decimal 1176)
   defining Unicode char U+0499 (decimal 1177)
   defining Unicode char U+049A (decimal 1178)
   defining Unicode char U+049B (decimal 1179)
   defining Unicode char U+049C (decimal 1180)
   defining Unicode char U+049D (decimal 1181)
   defining Unicode char U+04A0 (decimal 1184)
   defining Unicode char U+04A1 (decimal 1185)
   defining Unicode char U+04A2 (decimal 1186)
   defining Unicode char U+04A3 (decimal 1187)
   defining Unicode char U+04A4 (decimal 1188)
   defining Unicode char U+04A5 (decimal 1189)
   defining Unicode char U+04AA (decimal 1194)
   defining Unicode char U+04AB (decimal 1195)
   defining Unicode char U+04AE (decimal 1198)
   defining Unicode char U+04AF (decimal 1199)
   defining Unicode char U+04B0 (decimal 1200)
   defining Unicode char U+04B1 (decimal 1201)
   defining Unicode char U+04B2 (decimal 1202)
   defining Unicode char U+04B3 (decimal 1203)
   defining Unicode char U+04B6 (decimal 1206)
   defining Unicode char U+04B7 (decimal 1207)
   defining Unicode char U+04B8 (decimal 1208)
   defining Unicode char U+04B9 (decimal 1209)
   defining Unicode char U+04BA (decimal 1210)
   defining Unicode char U+04BB (decimal 1211)
   defining Unicode char U+04C0 (decimal 1216)
   defining Unicode char U+04C1 (decimal 1217)
   defining Unicode char U+04C2 (decimal 1218)
   defining Unicode char U+04D0 (decimal 1232)
   defining Unicode char U+04D1 (decimal 1233)
   defining Unicode char U+04D2 (decimal 1234)
   defining Unicode char U+04D3 (decimal 1235)
   defining Unicode char U+04D4 (decimal 1236)
   defining Unicode char U+04D5 (decimal 1237)
   defining Unicode char U+04D6 (decimal 1238)
   defining Unicode char U+04D7 (decimal 1239)
   defining Unicode char U+04D8 (decimal 1240)
   defining Unicode char U+04D9 (decimal 1241)
   defining Unicode char U+04DA (decimal 1242)
   defining Unicode char U+04DB (decimal 1243)
   defining Unicode char U+04DC (decimal 1244)
   defining Unicode char U+04DD (decimal 1245)
   defining Unicode char U+04DE (decimal 1246)
   defining Unicode char U+04DF (decimal 1247)
   defining Unicode char U+04E2 (decimal 1250)
   defining Unicode char U+04E3 (decimal 1251)
   defining Unicode char U+04E4 (decimal 1252)
   defining Unicode char U+04E5 (decimal 1253)
   defining Unicode char U+04E6 (decimal 1254)
   defining Unicode char U+04E7 (decimal 1255)
   defining Unicode char U+04E8 (decimal 1256)
   defining Unicode char U+04E9 (decimal 1257)
   defining Unicode char U+04EC (decimal 1260)
   defining Unicode char U+04ED (decimal 1261)
   defining Unicode char U+04EE (decimal 1262)
   defining Unicode char U+04EF (decimal 1263)
   defining Unicode char U+04F0 (decimal 1264)
   defining Unicode char U+04F1 (decimal 1265)
   defining Unicode char U+04F2 (decimal 1266)
   defining Unicode char U+04F3 (decimal 1267)
   defining Unicode char U+04F4 (decimal 1268)
   defining Unicode char U+04F5 (decimal 1269)
   defining Unicode char U+04F8 (decimal 1272)
   defining Unicode char U+04F9 (decimal 1273)
   defining Unicode char U+200C (decimal 8204)
   defining Unicode char U+2013 (decimal 8211)
   defining Unicode char U+2014 (decimal 8212)
   defining Unicode char U+2018 (decimal 8216)
   defining Unicode char U+2019 (decimal 8217)
   defining Unicode char U+201C (decimal 8220)
   defining Unicode char U+201D (decimal 8221)
   defining Unicode char U+201E (decimal 8222)
   defining Unicode char U+2030 (decimal 8240)
   defining Unicode char U+2031 (decimal 8241)
   defining Unicode char U+2116 (decimal 8470)
   defining Unicode char U+2329 (decimal 9001)
   defining Unicode char U+232A (decimal 9002)
   defining Unicode char U+2423 (decimal 9251)
   defining Unicode char U+27E8 (decimal 10216)
   defining Unicode char U+27E9 (decimal 10217)
   defining Unicode char U+FB00 (decimal 64256)
   defining Unicode char U+FB01 (decimal 64257)
   defining Unicode char U+FB02 (decimal 64258)
   defining Unicode char U+FB03 (decimal 64259)
   defining Unicode char U+FB04 (decimal 64260)
   defining Unicode char U+FB05 (decimal 64261)
   defining Unicode char U+FB06 (decimal 64262)
)
\symT2Aletters=\mathgroup4
)
LaTeX Font Info:    Trying to load font information for T2A+cmr on input line 1
12.

(C:\Users\Admin\AppData\Local\Programs\MiKTeX\tex/latex/cyrillic\t2acmr.fd
File: t2acmr.fd 2001/08/11 v1.0a Computer Modern Cyrillic font definitions
))
(C:\Users\Admin\AppData\Local\Programs\MiKTeX\tex/latex/base\inputenc.sty
Package: inputenc 2020/08/01 v1.3d Input encoding file
\inpenc@prehook=\toks15
\inpenc@posthook=\toks16
)
(C:\Users\Admin\AppData\Local\Programs\MiKTeX\tex/generic/babel\babel.sty
Package: babel 2021/01/26 3.53 The Babel package

(C:\Users\Admin\AppData\Local\Programs\MiKTeX\tex/generic/babel\babel.def
File: babel.def 2021/01/26 3.53 Babel common definitions
\babel@savecnt=\count187
\U@D=\dimen139
\l@babelnohyphens=\language79

(C:\Users\Admin\AppData\Local\Programs\MiKTeX\tex/generic/babel\txtbabel.def)
\bbl@readstream=\read2
)
\bbl@dirlevel=\count188

*************************************
* Local config file bblopts.cfg used
*
(C:\Users\Admin\AppData\Local\Programs\MiKTeX\tex/latex/arabi\bblopts.cfg
File: bblopts.cfg 2005/09/08 v0.1 add Arabic and Farsi to "declared" options of
 babel
)
(C:\Users\Admin\AppData\Local\Programs\MiKTeX\tex/latex/babel-english\english.l
df
Language: english 2017/06/06 v3.3r English support from the babel system
Package babel Info: \l@canadian = using hyphenrules for english
(babel)             (\language0) on input line 102.
Package babel Info: \l@australian = using hyphenrules for ukenglish
(babel)             (\language73) on input line 105.
Package babel Info: \l@newzealand = using hyphenrules for ukenglish
(babel)             (\language73) on input line 108.
)
(C:\Users\Admin\AppData\Local\Programs\MiKTeX\tex/latex/babel-russian\russianb.
ldf
File: russianb.ldf 2021/01/10 1.3m Russian support for the Babel system
Language: russian 2020/09/09 1.3k Russian support for the Babel system
Package babel Info: Making " an active character on input line 124.
Package babel Info: Default for \cyrdash is provided on input line 163.
))
(C:\Users\Admin\AppData\Local\Programs\MiKTeX\tex/latex/easy\easytable.sty
Document Style `easytable' v1.0 <2001/06/13>.
(C:\Users\Admin\AppData\Local\Programs\MiKTeX\tex/latex/easy\easy.sty
Document Style `easy' v1.1 <2001/05/31>.
Package: easy 2001/05/31 v1.1
\@easy@level=\count189
\@easy@ncol=\count190
\@easy@nrow=\count191
\@easy@cnt=\count192
\@easy@boxviii=\box47
\@easy@minxviii=\dimen140
\@easy@minyviii=\dimen141
\@easy@maxxviii=\dimen142
\@easy@maxyviii=\dimen143
\@easy@boxvii=\box48
\@easy@minxvii=\dimen144
\@easy@minyvii=\dimen145
\@easy@maxxvii=\dimen146
\@easy@maxyvii=\dimen147
\@easy@boxvi=\box49
\@easy@minxvi=\dimen148
\@easy@minyvi=\dimen149
\@easy@maxxvi=\dimen150
\@easy@maxyvi=\dimen151
\@easy@boxv=\box50
\@easy@minxv=\dimen152
\@easy@minyv=\dimen153
\@easy@maxxv=\dimen154
\@easy@maxyv=\dimen155
\@easy@boxiv=\box51
\@easy@minxiv=\dimen156
\@easy@minyiv=\dimen157
\@easy@maxxiv=\dimen158
\@easy@maxyiv=\dimen159
\@easy@boxiii=\box52
\@easy@minxiii=\dimen160
\@easy@minyiii=\dimen161
\@easy@maxxiii=\dimen162
\@easy@maxyiii=\dimen163
\@easy@boxii=\box53
\@easy@minxii=\dimen164
\@easy@minyii=\dimen165
\@easy@maxxii=\dimen166
\@easy@maxyii=\dimen167
\@easy@boxi=\box54
\@easy@minxi=\dimen168
\@easy@minyi=\dimen169
\@easy@maxxi=\dimen170
\@easy@maxyi=\dimen171
\@easy@hsizexxx=\dimen172
\@easy@vsizexxx=\dimen173
\@easy@hsizexxix=\dimen174
\@easy@vsizexxix=\dimen175
\@easy@hsizexxviii=\dimen176
\@easy@vsizexxviii=\dimen177
\@easy@hsizexxvii=\dimen178
\@easy@vsizexxvii=\dimen179
\@easy@hsizexxvi=\dimen180
\@easy@vsizexxvi=\dimen181
\@easy@hsizexxv=\dimen182
\@easy@vsizexxv=\dimen183
\@easy@hsizexxiv=\dimen184
\@easy@vsizexxiv=\dimen185
\@easy@hsizexxiii=\dimen186
\@easy@vsizexxiii=\dimen187
\@easy@hsizexxii=\dimen188
\@easy@vsizexxii=\dimen189
\@easy@hsizexxi=\dimen190
\@easy@vsizexxi=\dimen191
\@easy@hsizexx=\dimen192
\@easy@vsizexx=\dimen193
\@easy@hsizexix=\dimen194
\@easy@vsizexix=\dimen195
\@easy@hsizexviii=\dimen196
\@easy@vsizexviii=\dimen197
\@easy@hsizexvii=\dimen198
\@easy@vsizexvii=\dimen199
\@easy@hsizexvi=\dimen256
\@easy@vsizexvi=\dimen257
\@easy@hsizexv=\dimen258
\@easy@vsizexv=\dimen259
\@easy@hsizexiv=\dimen260
\@easy@vsizexiv=\dimen261
\@easy@hsizexiii=\dimen262
\@easy@vsizexiii=\dimen263
\@easy@hsizexii=\dimen264
\@easy@vsizexii=\dimen265
\@easy@hsizexi=\dimen266
\@easy@vsizexi=\dimen267
\@easy@hsizex=\dimen268
\@easy@vsizex=\dimen269
\@easy@hsizeix=\dimen270
\@easy@vsizeix=\dimen271
\@easy@hsizeviii=\dimen272
\@easy@vsizeviii=\dimen273
\@easy@hsizevii=\dimen274
\@easy@vsizevii=\dimen275
\@easy@hsizevi=\dimen276
\@easy@vsizevi=\dimen277
\@easy@hsizev=\dimen278
\@easy@vsizev=\dimen279
\@easy@hsizeiv=\dimen280
\@easy@vsizeiv=\dimen281
\@easy@hsizeiii=\dimen282
\@easy@vsizeiii=\dimen283
\@easy@hsizeii=\dimen284
\@easy@vsizeii=\dimen285
\@easy@hsizei=\dimen286
\@easy@vsizei=\dimen287
\@easy@dash@len=\dimen288
\@easy@dash@sep=\dimen289
)
Package: easytable 2001/05/31v1.1
\@tab@size@rule=\dimen290
\@tab@size@dash=\dimen291
) (C:\Users\Admin\AppData\Local\Programs\MiKTeX\tex/latex/amsmath\amsmath.sty
Package: amsmath 2020/09/23 v2.17i AMS math features
\@mathmargin=\skip49

For additional information on amsmath, use the `?' option.
(C:\Users\Admin\AppData\Local\Programs\MiKTeX\tex/latex/amsmath\amstext.sty
Package: amstext 2000/06/29 v2.01 AMS text

(C:\Users\Admin\AppData\Local\Programs\MiKTeX\tex/latex/amsmath\amsgen.sty
File: amsgen.sty 1999/11/30 v2.0 generic functions
\@emptytoks=\toks17
\ex@=\dimen292
))
(C:\Users\Admin\AppData\Local\Programs\MiKTeX\tex/latex/amsmath\amsbsy.sty
Package: amsbsy 1999/11/29 v1.2d Bold Symbols
\pmbraise@=\dimen293
)
(C:\Users\Admin\AppData\Local\Programs\MiKTeX\tex/latex/amsmath\amsopn.sty
Package: amsopn 2016/03/08 v2.02 operator names
)
\inf@bad=\count193
LaTeX Info: Redefining \frac on input line 234.
\uproot@=\count194
\leftroot@=\count195
LaTeX Info: Redefining \overline on input line 399.
\classnum@=\count196
\DOTSCASE@=\count197
LaTeX Info: Redefining \ldots on input line 496.
LaTeX Info: Redefining \dots on input line 499.
LaTeX Info: Redefining \cdots on input line 620.
\Mathstrutbox@=\box55
\strutbox@=\box56
\big@size=\dimen294
LaTeX Font Info:    Redeclaring font encoding OML on input line 743.
\symOMLletters=\mathgroup5
LaTeX Font Info:    Redeclaring font encoding OMS on input line 744.
\symOMSletters=\mathgroup6
\macc@depth=\count198
\c@MaxMatrixCols=\count199
\dotsspace@=\muskip16
\c@parentequation=\count266
\dspbrk@lvl=\count267
\tag@help=\toks18
\row@=\count268
\column@=\count269
\maxfields@=\count270
\andhelp@=\toks19
\eqnshift@=\dimen295
\alignsep@=\dimen296
\tagshift@=\dimen297
\tagwidth@=\dimen298
\totwidth@=\dimen299
\lineht@=\dimen300
\@envbody=\toks20
\multlinegap=\skip50
\multlinetaggap=\skip51
\mathdisplay@stack=\toks21
LaTeX Info: Redefining \[ on input line 2923.
LaTeX Info: Redefining \] on input line 2924.
)
(C:\Users\Admin\AppData\Local\Programs\MiKTeX\tex/latex/amsfonts\amsfonts.sty
Package: amsfonts 2013/01/14 v3.01 Basic AMSFonts support
\symAMSa=\mathgroup7
\symAMSb=\mathgroup8
LaTeX Font Info:    Redeclaring math symbol \hbar on input line 98.
LaTeX Font Info:    Overwriting math alphabet `\mathfrak' in version `bold'
(Font)                  U/euf/m/n --> U/euf/b/n on input line 106.
)
(C:\Users\Admin\AppData\Local\Programs\MiKTeX\tex/latex/amsfonts\amssymb.sty
Package: amssymb 2013/01/14 v3.01 AMS font symbols
)
(C:\Users\Admin\AppData\Local\Programs\MiKTeX\tex/latex/amscls\amsthm.sty
Package: amsthm 2020/05/29 v2.20.6
\thm@style=\toks22
\thm@bodyfont=\toks23
\thm@headfont=\toks24
\thm@notefont=\toks25
\thm@headpunct=\toks26
\thm@preskip=\skip52
\thm@postskip=\skip53
\thm@headsep=\skip54
\dth@everypar=\toks27
)
(C:\Users\Admin\AppData\Local\Programs\MiKTeX\tex/latex/mathtools\mathtools.sty
Package: mathtools 2021/04/12 v1.27 mathematical typesetting tools
(C:\Users\Admin\AppData\Local\Programs\MiKTeX\tex/latex/graphics\keyval.sty
Package: keyval 2014/10/28 v1.15 key=value parser (DPC)
\KV@toks@=\toks28
)
(C:\Users\Admin\AppData\Local\Programs\MiKTeX\tex/latex/latex-tools\calc.sty
Package: calc 2017/05/25 v4.3 Infix arithmetic (KKT,FJ)
\calc@Acount=\count271
\calc@Bcount=\count272
\calc@Adimen=\dimen301
\calc@Bdimen=\dimen302
\calc@Askip=\skip55
\calc@Bskip=\skip56
LaTeX Info: Redefining \setlength on input line 80.
LaTeX Info: Redefining \addtolength on input line 81.
\calc@Ccount=\count273
\calc@Cskip=\skip57
)
(C:\Users\Admin\AppData\Local\Programs\MiKTeX\tex/latex/mathtools\mhsetup.sty
Package: mhsetup 2021/03/18 v1.4 programming setup (MH)
)
LaTeX Info: Thecontrolsequence`\('isalreadyrobust on input line 130.
LaTeX Info: Thecontrolsequence`\)'isalreadyrobust on input line 130.
LaTeX Info: Thecontrolsequence`\['isalreadyrobust on input line 130.
LaTeX Info: Thecontrolsequence`\]'isalreadyrobust on input line 130.
\g_MT_multlinerow_int=\count274
\l_MT_multwidth_dim=\dimen303
\origjot=\skip58
\l_MT_shortvdotswithinadjustabove_dim=\dimen304
\l_MT_shortvdotswithinadjustbelow_dim=\dimen305
\l_MT_above_intertext_sep=\dimen306
\l_MT_below_intertext_sep=\dimen307
\l_MT_above_shortintertext_sep=\dimen308
\l_MT_below_shortintertext_sep=\dimen309
\xmathstrut@box=\box57
\xmathstrut@dim=\dimen310
) (C:\Users\Admin\AppData\Local\Programs\MiKTeX\tex/latex/wasysym\wasysym.sty
Package: wasysym 2020/01/19 v2.4 Wasy-2 symbol support package
\symwasy=\mathgroup9
LaTeX Font Info:    Overwriting symbol font `wasy' in version `bold'
(Font)                  U/wasy/m/n --> U/wasy/b/n on input line 93.
)
(C:\Users\Admin\AppData\Local\Programs\MiKTeX\tex/latex/graphics\graphicx.sty
Package: graphicx 2020/09/09 v1.2b Enhanced LaTeX Graphics (DPC,SPQR)

(C:\Users\Admin\AppData\Local\Programs\MiKTeX\tex/latex/graphics\graphics.sty
Package: graphics 2020/08/30 v1.4c Standard LaTeX Graphics (DPC,SPQR)

(C:\Users\Admin\AppData\Local\Programs\MiKTeX\tex/latex/graphics\trig.sty
Package: trig 2016/01/03 v1.10 sin cos tan (DPC)
)
(C:\Users\Admin\AppData\Local\Programs\MiKTeX\tex/latex/graphics-cfg\graphics.c
fg
File: graphics.cfg 2016/06/04 v1.11 sample graphics configuration
)
Package graphics Info: Driver file: pdftex.def on input line 105.

(C:\Users\Admin\AppData\Local\Programs\MiKTeX\tex/latex/graphics-def\pdftex.def
File: pdftex.def 2020/10/05 v1.2a Graphics/color driver for pdftex
))
\Gin@req@height=\dimen311
\Gin@req@width=\dimen312
) (C:\Users\Admin\AppData\Local\Programs\MiKTeX\tex/latex/xcolor\xcolor.sty
Package: xcolor 2016/05/11 v2.12 LaTeX color extensions (UK)

(C:\Users\Admin\AppData\Local\Programs\MiKTeX\tex/latex/graphics-cfg\color.cfg
File: color.cfg 2016/01/02 v1.6 sample color configuration
)
Package xcolor Info: Driver file: pdftex.def on input line 225.
Package xcolor Info: Model `cmy' substituted by `cmy0' on input line 1348.
Package xcolor Info: Model `hsb' substituted by `rgb' on input line 1352.
Package xcolor Info: Model `RGB' extended on input line 1364.
Package xcolor Info: Model `HTML' substituted by `rgb' on input line 1366.
Package xcolor Info: Model `Hsb' substituted by `hsb' on input line 1367.
Package xcolor Info: Model `tHsb' substituted by `hsb' on input line 1368.
Package xcolor Info: Model `HSB' substituted by `hsb' on input line 1369.
Package xcolor Info: Model `Gray' substituted by `gray' on input line 1370.
Package xcolor Info: Model `wave' substituted by `hsb' on input line 1371.
)
(C:\Users\Admin\AppData\Local\Programs\MiKTeX\tex/latex/koma-script\typearea.st
y
Package: typearea 2021/03/17 v3.33 KOMA-Script package (type area)

(C:\Users\Admin\AppData\Local\Programs\MiKTeX\tex/latex/koma-script\scrkbase.st
y
Package: scrkbase 2021/03/17 v3.33 KOMA-Script package (KOMA-Script-dependent b
asics and keyval usage)

(C:\Users\Admin\AppData\Local\Programs\MiKTeX\tex/latex/koma-script\scrbase.sty
Package: scrbase 2021/03/17 v3.33 KOMA-Script package (KOMA-Script-independent 
basics and keyval usage)

(C:\Users\Admin\AppData\Local\Programs\MiKTeX\tex/latex/koma-script\scrlfile.st
y
Package: scrlfile 2021/03/17 v3.33 KOMA-Script package (file load hooks)

(C:\Users\Admin\AppData\Local\Programs\MiKTeX\tex/latex/koma-script\scrlfile-ho
ok.sty
Package: scrlfile-hook 2021/03/17 v3.33 KOMA-Script package (using LaTeX hooks)


LaTeX3 Info: Defining command \BeforeFile with sig. 'm' on line 61.


LaTeX3 Info: Defining command \AfterFile with sig. 'm' on line 65.


LaTeX3 Info: Defining command \BeforeClass with sig. 'm' on line 69.


LaTeX3 Info: Defining command \BeforePackage with sig. 'm' on line 73.


LaTeX3 Info: Defining command \AfterAtEndOfClass with sig. 'smo+m' on line 83.


LaTeX3 Info: Defining command \AfterAtEndOfPackage with sig. 'smo+m' on line
(LaTeX3)     93.


LaTeX3 Info: Defining command \scrlfile@AfterClass with sig. 'smo+m' on line
(LaTeX3)     173.


LaTeX3 Info: Defining command \AfterClass with sig. '' on line 174.


LaTeX3 Info: Defining command \scrlfile@AfterPackage with sig. 'smo+m' on line
(LaTeX3)     191.


LaTeX3 Info: Defining command \AfterPackage with sig. '' on line 192.


LaTeX3 Info: Defining command \ReplaceInput with sig. '' on line 193.


LaTeX3 Info: Defining command \ReplaceClass with sig. 'mm' on line 196.


LaTeX3 Info: Defining command \ReplacePackage with sig. 'mm' on line 199.


LaTeX3 Info: Defining command \UnReplaceInput with sig. '' on line 200.


LaTeX3 Info: Defining command \UnReplaceClass with sig. 'm' on line 203.


LaTeX3 Info: Defining command \UnReplacePackage with sig. 'mm' on line 206.


LaTeX3 Info: Defining command \PreventPackageFromLoading with sig. 's+om' on
(LaTeX3)     line 234.


LaTeX3 Info: Defining command \StorePreventPackageFromLoading with sig. 'm' on
(LaTeX3)     line 242.


LaTeX3 Info: Defining command \ResetPreventPackageFromLoading with sig. '' on
(LaTeX3)     line 247.


LaTeX3 Info: Defining command \UnPreventPackageFromLoading with sig. 'sm' on
(LaTeX3)     line 261.


LaTeX3 Info: Defining command \BeforeClosingMainAux with sig. 'om' on line
(LaTeX3)     274.


LaTeX3 Info: Defining command \AfterReadingMainAux with sig. 'om' on line 287.


LaTeX3 Info: Defining command \protected@immediate@write with sig. 'm+m+m' on
(LaTeX3)     line 298.


(C:\Users\Admin\AppData\Local\Programs\MiKTeX\tex/latex/koma-script\scrlogo.sty
Package: scrlogo 2021/03/17 v3.33 KOMA-Script package (logo)
)))
Skipping: [2021/05/01] Usage of raw option list on input line 252.
Applying: [0000/00/00] compatibility for LaTeX before 2021/05/01 on input line 
337.
))
\ta@bcor=\skip59
\ta@div=\count275
\ta@hblk=\skip60
\ta@vblk=\skip61
\ta@temp=\skip62
\footheight=\skip63
Package typearea Info: These are the values describing the layout:
(typearea)             DIV  = 8
(typearea)             BCOR = 0.0pt
(typearea)             \paperwidth      = 597.50793pt
(typearea)              \textwidth      = 373.44246pt
(typearea)              DIV departure   = -4%
(typearea)              \evensidemargin = 39.76274pt
(typearea)              \oddsidemargin  = 39.76274pt
(typearea)             \paperheight     = 845.04694pt
(typearea)              \textheight     = 538.0pt
(typearea)              \topmargin      = 0.36087pt
(typearea)              \headheight     = 15.0pt
(typearea)              \headsep        = 18.0pt
(typearea)              \topskip        = 10.0pt
(typearea)              \footskip       = 42.0pt
(typearea)              \baselineskip   = 12.0pt
(typearea)              on input line 1741.
)
(C:\Users\Admin\AppData\Local\Programs\MiKTeX\tex/latex/pdflscape\pdflscape.sty
Package: pdflscape 2019/12/05 v0.12 Display of landscape pages in PDF (HO)
(C:\Users\Admin\AppData\Local\Programs\MiKTeX\tex/generic/iftex\iftex.sty
Package: iftex 2020/03/06 v1.0d TeX engine tests
)
(C:\Users\Admin\AppData\Local\Programs\MiKTeX\tex/latex/graphics\lscape.sty
Package: lscape 2020/05/28 v3.02 Landscape Pages (DPC)
)
Package pdflscape Info: Auto-detected driver: pdftex on input line 81.
)
(C:\Users\Admin\AppData\Local\Programs\MiKTeX\tex/latex/l3backend\l3backend-pdf
tex.def
File: l3backend-pdftex.def 2021-02-18 L3 backend support: PDF output (pdfTeX)
\l__color_backend_stack_int=\count276
\l__pdf_internal_box=\box58
) (d-order sums.aux)
\openout1 = `"d-order sums.aux"'.

LaTeX Font Info:    Checking defaults for OML/cmm/m/it on input line 29.
LaTeX Font Info:    ... okay on input line 29.
LaTeX Font Info:    Checking defaults for OMS/cmsy/m/n on input line 29.
LaTeX Font Info:    ... okay on input line 29.
LaTeX Font Info:    Checking defaults for OT1/cmr/m/n on input line 29.
LaTeX Font Info:    ... okay on input line 29.
LaTeX Font Info:    Checking defaults for T1/cmr/m/n on input line 29.
LaTeX Font Info:    ... okay on input line 29.
LaTeX Font Info:    Checking defaults for TS1/cmr/m/n on input line 29.
LaTeX Font Info:    ... okay on input line 29.
LaTeX Font Info:    Checking defaults for OMX/cmex/m/n on input line 29.
LaTeX Font Info:    ... okay on input line 29.
LaTeX Font Info:    Checking defaults for U/cmr/m/n on input line 29.
LaTeX Font Info:    ... okay on input line 29.
LaTeX Font Info:    Checking defaults for T2A/cmr/m/n on input line 29.
LaTeX Font Info:    ... okay on input line 29.
LaTeX Info: Redefining \th on input line 29.

(C:\Users\Admin\AppData\Local\Programs\MiKTeX\tex/context/base/mkii\supp-pdf.mk
ii
[Loading MPS to PDF converter (version 2006.09.02).]
\scratchcounter=\count277
\scratchdimen=\dimen313
\scratchbox=\box59
\nofMPsegments=\count278
\nofMParguments=\count279
\everyMPshowfont=\toks29
\MPscratchCnt=\count280
\MPscratchDim=\dimen314
\MPnumerator=\count281
\makeMPintoPDFobject=\count282
\everyMPtoPDFconversion=\toks30
)
(C:\Users\Admin\AppData\Local\Programs\MiKTeX\tex/latex/epstopdf-pkg\epstopdf-b
ase.sty
Package: epstopdf-base 2020-01-24 v2.11 Base part for package epstopdf
Package epstopdf-base Info: Redefining graphics rule for `.eps' on input line 4
85.
)

LaTeX Font Warning: Font shape `T2A/cmr/m/up' undefined
(Font)              using `T2A/cmr/m/n' instead on input line 31.

LaTeX Font Info:    Trying to load font information for OML+cmr on input line 3
1.
(C:\Users\Admin\AppData\Local\Programs\MiKTeX\tex/latex/base\omlcmr.fd
File: omlcmr.fd 2019/12/16 v2.5j Standard LaTeX font definitions
)

LaTeX Font Warning: Font shape `OML/cmr/m/up' undefined
(Font)              using `OML/cmr/m/it' instead on input line 31.

LaTeX Font Info:    Font shape `OML/cmr/m/it' in size <12> not available
(Font)              Font shape `OML/cmm/m/it' tried instead on input line 31.
LaTeX Font Info:    Font shape `OML/cmr/m/up' in size <8> not available
(Font)              Font shape `OML/cmm/m/it' tried instead on input line 31.
LaTeX Font Info:    Font shape `OML/cmr/m/up' in size <6> not available
(Font)              Font shape `OML/cmm/m/it' tried instead on input line 31.
LaTeX Font Info:    Trying to load font information for OMS+cmr on input line 3
1.
(C:\Users\Admin\AppData\Local\Programs\MiKTeX\tex/latex/base\omscmr.fd
File: omscmr.fd 2019/12/16 v2.5j Standard LaTeX font definitions
)

LaTeX Font Warning: Font shape `OMS/cmr/m/up' undefined
(Font)              using `OMS/cmr/m/n' instead on input line 31.

LaTeX Font Info:    Font shape `OMS/cmr/m/n' in size <12> not available
(Font)              Font shape `OMS/cmsy/m/n' tried instead on input line 31.
LaTeX Font Info:    Font shape `OMS/cmr/m/up' in size <8> not available
(Font)              Font shape `OMS/cmsy/m/n' tried instead on input line 31.
LaTeX Font Info:    Font shape `OMS/cmr/m/up' in size <6> not available
(Font)              Font shape `OMS/cmsy/m/n' tried instead on input line 31.
LaTeX Font Info:    Trying to load font information for U+msa on input line 31.

(C:\Users\Admin\AppData\Local\Programs\MiKTeX\tex/latex/amsfonts\umsa.fd
File: umsa.fd 2013/01/14 v3.01 AMS symbols A
)
LaTeX Font Info:    Trying to load font information for U+msb on input line 31.


(C:\Users\Admin\AppData\Local\Programs\MiKTeX\tex/latex/amsfonts\umsb.fd
File: umsb.fd 2013/01/14 v3.01 AMS symbols B
)
LaTeX Font Info:    Trying to load font information for U+wasy on input line 31
.

(C:\Users\Admin\AppData\Local\Programs\MiKTeX\tex/latex/wasysym\uwasy.fd
File: uwasy.fd 2020/01/19 v2.4 Wasy-2 symbol font definitions
)
[1

{C:/Users/Admin/AppData/Local/MiKTeX/pdftex/config/pdftex.map}]
LaTeX Font Info:    Font shape `OML/cmr/m/up' in size <10> not available
(Font)              Font shape `OML/cmm/m/it' tried instead on input line 35.
LaTeX Font Info:    Font shape `OML/cmr/m/up' in size <7> not available
(Font)              Font shape `OML/cmm/m/it' tried instead on input line 35.
LaTeX Font Info:    Font shape `OML/cmr/m/up' in size <5> not available
(Font)              Font shape `OML/cmm/m/it' tried instead on input line 35.
LaTeX Font Info:    Font shape `OMS/cmr/m/up' in size <10> not available
(Font)              Font shape `OMS/cmsy/m/n' tried instead on input line 35.
LaTeX Font Info:    Font shape `OMS/cmr/m/up' in size <7> not available
(Font)              Font shape `OMS/cmsy/m/n' tried instead on input line 35.
LaTeX Font Info:    Font shape `OMS/cmr/m/up' in size <5> not available
(Font)              Font shape `OMS/cmsy/m/n' tried instead on input line 35.


Package amsmath Warning: Foreign command \atopwithdelims;
(amsmath)                \frac or \genfrac should be used instead
(amsmath)                 on input line 51.

[2] [3] [4] [5] [6

] (d-order sums.aux)

LaTeX Font Warning: Some font shapes were not available, defaults substituted.

 ) 
Here is how much of TeX's memory you used:
 6664 strings out of 479334
 94446 string characters out of 2857084
 455179 words of memory out of 3000000
 23996 multiletter control sequences out of 15000+200000
 419151 words of font info for 69 fonts, out of 3000000 for 9000
 1141 hyphenation exceptions out of 8191
 111i,16n,116p,692b,302s stack positions out of 5000i,500n,10000p,200000b,50000s
 <C:\Users\Admin\AppData\Local\MiKTeX\fonts/pk/ljfour/lh/lh-t2a/dpi600\labx10
00.pk> <C:\Users\Admin\AppData\Local\MiKTeX\fonts/pk/ljfour/lh/lh-t2a/dpi600\la
bx1440.pk> <C:\Users\Admin\AppData\Local\MiKTeX\fonts/pk/ljfour/lh/lh-t2a/dpi60
0\larm1000.pk> <C:\Users\Admin\AppData\Local\MiKTeX\fonts/pk/ljfour/lh/lh-t2a/d
pi600\larm1200.pk> <C:\Users\Admin\AppData\Local\MiKTeX\fonts/pk/ljfour/lh/lh-t
2a/dpi600\larm1728.pk><C:/Users/Admin/AppData/Local/Programs/MiKTeX/fonts/type1
/public/amsfonts/cm/cmex10.pfb><C:/Users/Admin/AppData/Local/Programs/MiKTeX/fo
nts/type1/public/amsfonts/cm/cmmi10.pfb><C:/Users/Admin/AppData/Local/Programs/
MiKTeX/fonts/type1/public/amsfonts/cm/cmmi7.pfb><C:/Users/Admin/AppData/Local/P
rograms/MiKTeX/fonts/type1/public/amsfonts/cm/cmr10.pfb><C:/Users/Admin/AppData
/Local/Programs/MiKTeX/fonts/type1/public/amsfonts/cm/cmr5.pfb><C:/Users/Admin/
AppData/Local/Programs/MiKTeX/fonts/type1/public/amsfonts/cm/cmr7.pfb><C:/Users
/Admin/AppData/Local/Programs/MiKTeX/fonts/type1/public/amsfonts/cm/cmsy10.pfb>
<C:/Users/Admin/AppData/Local/Programs/MiKTeX/fonts/type1/public/amsfonts/cm/cm
sy7.pfb>
Output written on "d-order sums.pdf" (6 pages, 148266 bytes).
PDF statistics:
 241 PDF objects out of 1000 (max. 8388607)
 0 named destinations out of 1000 (max. 500000)
 1 words of extra memory for PDF output out of 10000 (max. 10000000)

